[17/Jun/2024:14:23:02 +0700] fe80::6a46:c366:4e21:5f2 TLSv1.3 TLS_AES_256_GCM_SHA384 "GET / HTTP/1.1" 10512
[17/Jun/2024:14:23:02 +0700] fe80::6a46:c366:4e21:5f2 TLSv1.3 TLS_AES_256_GCM_SHA384 "GET /styles.css HTTP/1.1" 21159
[17/Jun/2024:14:23:02 +0700] fe80::6a46:c366:4e21:5f2 TLSv1.3 TLS_AES_256_GCM_SHA384 "GET /search.js HTTP/1.1" 856
[17/Jun/2024:14:23:02 +0700] fe80::6a46:c366:4e21:5f2 TLSv1.3 TLS_AES_256_GCM_SHA384 "GET /assets/img/logo2.png HTTP/1.1" 5350
[17/Jun/2024:14:23:02 +0700] fe80::6a46:c366:4e21:5f2 TLSv1.3 TLS_AES_256_GCM_SHA384 "GET /assets/img/search-icon.png HTTP/1.1" 702
[17/Jun/2024:14:23:02 +0700] fe80::6a46:c366:4e21:5f2 TLSv1.3 TLS_AES_256_GCM_SHA384 "GET /assets/img/hospital.avif HTTP/1.1" 19812
[17/Jun/2024:14:23:02 +0700] fe80::6a46:c366:4e21:5f2 TLSv1.3 TLS_AES_256_GCM_SHA384 "GET /assets/img/slide1.jpg HTTP/1.1" 84160
[17/Jun/2024:14:23:02 +0700] fe80::6a46:c366:4e21:5f2 TLSv1.3 TLS_AES_256_GCM_SHA384 "GET /assets/img/slide2.jpg HTTP/1.1" 69782
[17/Jun/2024:14:23:02 +0700] fe80::6a46:c366:4e21:5f2 TLSv1.3 TLS_AES_256_GCM_SHA384 "GET /script.js HTTP/1.1" 1069
[17/Jun/2024:14:23:02 +0700] fe80::6a46:c366:4e21:5f2 TLSv1.3 TLS_AES_256_GCM_SHA384 "GET /chat-bot.js HTTP/1.1" 4032
[17/Jun/2024:14:23:02 +0700] fe80::6a46:c366:4e21:5f2 TLSv1.3 TLS_AES_256_GCM_SHA384 "GET /doctors.js HTTP/1.1" 2490
[17/Jun/2024:14:23:02 +0700] fe80::6a46:c366:4e21:5f2 TLSv1.3 TLS_AES_256_GCM_SHA384 "GET /get-services.js HTTP/1.1" 1900
[17/Jun/2024:14:23:02 +0700] fe80::6a46:c366:4e21:5f2 TLSv1.3 TLS_AES_256_GCM_SHA384 "GET /admin-only.js HTTP/1.1" 384
[17/Jun/2024:14:23:02 +0700] fe80::6a46:c366:4e21:5f2 TLSv1.3 TLS_AES_256_GCM_SHA384 "GET /editor-only.js HTTP/1.1" 386
[17/Jun/2024:14:23:04 +0700] fe80::6a46:c366:4e21:5f2 TLSv1.3 TLS_AES_256_GCM_SHA384 "GET /assets/img/slide3.jpg HTTP/1.1" 41305
[17/Jun/2024:14:23:04 +0700] fe80::6a46:c366:4e21:5f2 TLSv1.3 TLS_AES_256_GCM_SHA384 "GET /assets/img/slide4.jpg HTTP/1.1" 101538
[17/Jun/2024:14:23:33 +0700] fe80::6a46:c366:4e21:5f2 TLSv1.3 TLS_AES_256_GCM_SHA384 "GET /assets/img/main.jpg HTTP/1.1" 224351
[17/Jun/2024:14:23:33 +0700] fe80::6a46:c366:4e21:5f2 TLSv1.3 TLS_AES_256_GCM_SHA384 "GET /get-specialties.php HTTP/1.1" 1649
[17/Jun/2024:14:23:33 +0700] fe80::6a46:c366:4e21:5f2 TLSv1.3 TLS_AES_256_GCM_SHA384 "GET /get-services.php HTTP/1.1" 2022
[17/Jun/2024:14:23:33 +0700] fe80::6a46:c366:4e21:5f2 TLSv1.3 TLS_AES_256_GCM_SHA384 "GET /check_role.php HTTP/1.1" 35
[17/Jun/2024:14:23:33 +0700] fe80::6a46:c366:4e21:5f2 TLSv1.3 TLS_AES_256_GCM_SHA384 "GET /check_role.php HTTP/1.1" 35
[17/Jun/2024:14:23:33 +0700] fe80::6a46:c366:4e21:5f2 TLSv1.3 TLS_AES_256_GCM_SHA384 "GET /favicon.ico HTTP/1.1" 312
[17/Jun/2024:14:23:55 +0700] fe80::6a46:c366:4e21:5f2 TLSv1.3 TLS_AES_256_GCM_SHA384 "GET /doctors.html HTTP/1.1" 5183
[17/Jun/2024:14:23:55 +0700] fe80::6a46:c366:4e21:5f2 TLSv1.3 TLS_AES_256_GCM_SHA384 "GET /assets/img/koridor.jpg HTTP/1.1" 258041
[17/Jun/2024:14:24:06 +0700] fe80::6a46:c366:4e21:5f2 TLSv1.3 TLS_AES_256_GCM_SHA384 "GET /get-specialties.php HTTP/1.1" 1649
